#
# There is insufficient memory for the Java Runtime Environment to continue.
# Native memory allocation (mmap) failed to map 65011712 bytes for G1 virtual space
# Possible reasons:
#   The system is out of physical RAM or swap space
#   The process is running with CompressedOops enabled, and the Java Heap may be blocking the growth of the native heap
# Possible solutions:
#   Reduce memory load on the system
#   Increase physical memory or swap space
#   Check if swap backing store is full
#   Decrease Java heap size (-Xmx/-Xms)
#   Decrease number of Java threads
#   Decrease Java thread stack sizes (-Xss)
#   Set larger code cache with -XX:ReservedCodeCacheSize=
#   JVM is running with Unscaled Compressed Oops mode in which the Java heap is
#     placed in the first 4GB address space. The Java Heap base address is the
#     maximum limit for the native heap growth. Please use -XX:HeapBaseMinAddress
#     to set the Java Heap base and to place the Java Heap above 4GB virtual address.
# This output file may be truncated or incomplete.
#
#  Out of Memory Error (os_windows.cpp:3548), pid=1812, tid=12772
#
# JRE version:  (17.0.5+8) (build )
# Java VM: OpenJDK 64-Bit Server VM (17.0.5+8, mixed mode, sharing, tiered, compressed oops, compressed class ptrs, g1 gc, windows-amd64)
# No core dump will be written. Minidumps are not enabled by default on client versions of Windows
#

---------------  S U M M A R Y ------------

Command Line: -Dfile.encoding=UTF-8 -XX:+ShowCodeDetailsInExceptionMessages Clases4Ejercicio3

Host: Intel(R) Celeron(R) N4020 CPU @ 1.10GHz, 2 cores, 3G,  Windows 11 , 64 bit Build 22621 (10.0.22621.1194)
Time: Wed Mar  8 23:38:12 2023 Hora estándar de Argentina elapsed time: 0.056430 seconds (0d 0h 0m 0s)

---------------  T H R E A D  ---------------

Current thread (0x000001d268b15260):  JavaThread "Unknown thread" [_thread_in_vm, id=12772, stack(0x0000006e7d700000,0x0000006e7d800000)]

Stack: [0x0000006e7d700000,0x0000006e7d800000]
Native frames: (J=compiled Java code, j=interpreted, Vv=VM code, C=native code)
V  [jvm.dll+0x676b3a]
V  [jvm.dll+0x831444]
V  [jvm.dll+0x832bee]
V  [jvm.dll+0x833253]
V  [jvm.dll+0x244ce5]
V  [jvm.dll+0x673a49]
V  [jvm.dll+0x66811a]
V  [jvm.dll+0x303ceb]
V  [jvm.dll+0x30b1e6]
V  [jvm.dll+0x35adbe]
V  [jvm.dll+0x35afef]
V  [jvm.dll+0x2dab88]
V  [jvm.dll+0x2dbaf4]
V  [jvm.dll+0x803121]
V  [jvm.dll+0x368bb1]
V  [jvm.dll+0x7e265c]
V  [jvm.dll+0x3eb17f]
V  [jvm.dll+0x3eccc1]
C  [jli.dll+0x5267]
C  [ucrtbase.dll+0x29363]
C  [KERNEL32.DLL+0x126bd]
C  [ntdll.dll+0x5dfb8]


---------------  P R O C E S S  ---------------

Threads class SMR info:
_java_thread_list=0x00007ff936052f18, length=0, elements={
}

Java Threads: ( => current thread )

Other Threads:
  0x000001d268b51950 GCTaskThread "GC Thread#0" [stack: 0x0000006e7d800000,0x0000006e7d900000] [id=9160]
  0x000001d268b5a2d0 ConcurrentGCThread "G1 Main Marker" [stack: 0x0000006e7d900000,0x0000006e7da00000] [id=14256]
  0x000001d268b5b5e0 ConcurrentGCThread "G1 Conc#0" [stack: 0x0000006e7da00000,0x0000006e7db00000] [id=8736]

[error occurred during error reporting (printing all threads), id 0xc0000005, EXCEPTION_ACCESS_VIOLATION (0xc0000005) at pc=0x00007ff93582b617]

VM state: not at safepoint (not fully initialized)

VM Mutex/Monitor currently owned by a thread:  ([mutex/lock_event])
[0x000001d268b105e0] Heap_lock - owner thread: 0x000001d268b15260

Heap address: 0x00000000c2e00000, size: 978 MB, Compressed Oops mode: 32-bit

CDS archive(s) mapped at: [0x0000000000000000-0x0000000000000000-0x0000000000000000), size 0, SharedBaseAddress: 0x0000000800000000, ArchiveRelocationMode: 0.
Narrow klass base: 0x0000000000000000, Narrow klass shift: 0, Narrow klass range: 0x0

GC Precious Log:
<Empty>

Heap:
 garbage-first heap   total 0K, used 0K [0x00000000c2e00000, 0x0000000100000000)
  region size 1024K, 0 young (0K), 0 survivors (0K)

[error occurred during error reporting (printing heap information), id 0xc0000005, EXCEPTION_ACCESS_VIOLATION (0xc0000005) at pc=0x00007ff935c0fcb9]

GC Heap History (0 events):
No events

Dll operation events (1 events):
Event: 0.034 Loaded shared library C:\Users\ariel\eclipse\plugins\org.eclipse.justj.openjdk.hotspot.jre.full.win32.x86_64_17.0.5.v20221102-0933\jre\bin\java.dll

Deoptimization events (0 events):
No events

Classes unloaded (0 events):
No events

Classes redefined (0 events):
No events

Internal exceptions (0 events):
No events

VM Operations (0 events):
No events

Events (0 events):
No events


Dynamic libraries:
0x00007ff65b700000 - 0x00007ff65b70e000 	C:\Users\ariel\eclipse\plugins\org.eclipse.justj.openjdk.hotspot.jre.full.win32.x86_64_17.0.5.v20221102-0933\jre\bin\javaw.exe
0x00007ff988db0000 - 0x00007ff988fc4000 	C:\WINDOWS\SYSTEM32\ntdll.dll
0x00007ff986c20000 - 0x00007ff986ce3000 	C:\WINDOWS\System32\KERNEL32.DLL
0x00007ff9864c0000 - 0x00007ff98685c000 	C:\WINDOWS\System32\KERNELBASE.dll
0x00007ff9861f0000 - 0x00007ff986301000 	C:\WINDOWS\System32\ucrtbase.dll
0x00007ff96cae0000 - 0x00007ff96caf7000 	C:\Users\ariel\eclipse\plugins\org.eclipse.justj.openjdk.hotspot.jre.full.win32.x86_64_17.0.5.v20221102-0933\jre\bin\jli.dll
0x00007ff9874f0000 - 0x00007ff98769d000 	C:\WINDOWS\System32\USER32.dll
0x00007ff986b90000 - 0x00007ff986bb6000 	C:\WINDOWS\System32\win32u.dll
0x00007ff987f90000 - 0x00007ff987fb9000 	C:\WINDOWS\System32\GDI32.dll
0x00007ff986860000 - 0x00007ff986972000 	C:\WINDOWS\System32\gdi32full.dll
0x00007ff986af0000 - 0x00007ff986b8a000 	C:\WINDOWS\System32\msvcp_win.dll
0x00007ff973890000 - 0x00007ff9738a9000 	C:\Users\ariel\eclipse\plugins\org.eclipse.justj.openjdk.hotspot.jre.full.win32.x86_64_17.0.5.v20221102-0933\jre\bin\VCRUNTIME140.dll
0x00007ff96ab10000 - 0x00007ff96ad9e000 	C:\WINDOWS\WinSxS\amd64_microsoft.windows.common-controls_6595b64144ccf1df_6.0.22621.608_none_a9444ca7c10bb01d\COMCTL32.dll
0x00007ff9876a0000 - 0x00007ff987747000 	C:\WINDOWS\System32\msvcrt.dll
0x00007ff987a50000 - 0x00007ff987a82000 	C:\WINDOWS\System32\IMM32.DLL
0x00007ff973600000 - 0x00007ff97360c000 	C:\Users\ariel\eclipse\plugins\org.eclipse.justj.openjdk.hotspot.jre.full.win32.x86_64_17.0.5.v20221102-0933\jre\bin\vcruntime140_1.dll
0x00007ff963670000 - 0x00007ff963701000 	C:\Users\ariel\eclipse\plugins\org.eclipse.justj.openjdk.hotspot.jre.full.win32.x86_64_17.0.5.v20221102-0933\jre\bin\msvcp140.dll
0x00007ff935540000 - 0x00007ff936184000 	C:\Users\ariel\eclipse\plugins\org.eclipse.justj.openjdk.hotspot.jre.full.win32.x86_64_17.0.5.v20221102-0933\jre\bin\server\jvm.dll
0x00007ff987b60000 - 0x00007ff987c0e000 	C:\WINDOWS\System32\ADVAPI32.dll
0x00007ff988010000 - 0x00007ff9880b4000 	C:\WINDOWS\System32\sechost.dll
0x00007ff987850000 - 0x00007ff987965000 	C:\WINDOWS\System32\RPCRT4.dll
0x00007ff973c10000 - 0x00007ff973c19000 	C:\WINDOWS\SYSTEM32\WSOCK32.dll
0x00007ff988c10000 - 0x00007ff988c81000 	C:\WINDOWS\System32\WS2_32.dll
0x00007ff97dbc0000 - 0x00007ff97dbf4000 	C:\WINDOWS\SYSTEM32\WINMM.dll
0x00007ff97d620000 - 0x00007ff97d62a000 	C:\WINDOWS\SYSTEM32\VERSION.dll
0x00007ff985240000 - 0x00007ff985258000 	C:\WINDOWS\SYSTEM32\kernel.appcore.dll
0x00007ff97e4e0000 - 0x00007ff97e4ea000 	C:\Users\ariel\eclipse\plugins\org.eclipse.justj.openjdk.hotspot.jre.full.win32.x86_64_17.0.5.v20221102-0933\jre\bin\jimage.dll
0x00007ff983c40000 - 0x00007ff983e6e000 	C:\WINDOWS\SYSTEM32\DBGHELP.DLL
0x00007ff9880c0000 - 0x00007ff98844a000 	C:\WINDOWS\System32\combase.dll
0x00007ff987970000 - 0x00007ff987a47000 	C:\WINDOWS\System32\OLEAUT32.dll
0x00007ff961100000 - 0x00007ff961132000 	C:\WINDOWS\SYSTEM32\dbgcore.DLL
0x00007ff986310000 - 0x00007ff98638b000 	C:\WINDOWS\System32\bcryptPrimitives.dll
0x00007ff973db0000 - 0x00007ff973dd5000 	C:\Users\ariel\eclipse\plugins\org.eclipse.justj.openjdk.hotspot.jre.full.win32.x86_64_17.0.5.v20221102-0933\jre\bin\java.dll

dbghelp: loaded successfully - version: 4.0.5 - missing functions: none
symbol engine: initialized successfully - sym options: 0x614 - pdb path: .;C:\Users\ariel\eclipse\plugins\org.eclipse.justj.openjdk.hotspot.jre.full.win32.x86_64_17.0.5.v20221102-0933\jre\bin;C:\WINDOWS\SYSTEM32;C:\WINDOWS\WinSxS\amd64_microsoft.windows.common-controls_6595b64144ccf1df_6.0.22621.608_none_a9444ca7c10bb01d;C:\Users\ariel\eclipse\plugins\org.eclipse.justj.openjdk.hotspot.jre.full.win32.x86_64_17.0.5.v20221102-0933\jre\bin\server

VM Arguments:
jvm_args: -Dfile.encoding=UTF-8 -XX:+ShowCodeDetailsInExceptionMessages 
java_command: Clases4Ejercicio3
java_class_path (initial): C:\Users\ariel\Downloads\CURSOS\fenix\curso online java\Clases4\bin
Launcher Type: SUN_STANDARD

[Global flags]
     intx CICompilerCount                          = 2                                         {product} {ergonomic}
     uint ConcGCThreads                            = 1                                         {product} {ergonomic}
     uint G1ConcRefinementThreads                  = 2                                         {product} {ergonomic}
   size_t G1HeapRegionSize                         = 1048576                                   {product} {ergonomic}
    uintx GCDrainStackTargetSize                   = 64                                        {product} {ergonomic}
   size_t InitialHeapSize                          = 65011712                                  {product} {ergonomic}
   size_t MarkStackSize                            = 4194304                                   {product} {ergonomic}
   size_t MaxHeapSize                              = 1025507328                                {product} {ergonomic}
   size_t MinHeapDeltaBytes                        = 1048576                                   {product} {ergonomic}
   size_t MinHeapSize                              = 8388608                                   {product} {ergonomic}
    uintx NonNMethodCodeHeapSize                   = 5826188                                {pd product} {ergonomic}
    uintx NonProfiledCodeHeapSize                  = 122916026                              {pd product} {ergonomic}
    uintx ProfiledCodeHeapSize                     = 122916026                              {pd product} {ergonomic}
    uintx ReservedCodeCacheSize                    = 251658240                              {pd product} {ergonomic}
     bool SegmentedCodeCache                       = true                                      {product} {ergonomic}
     bool ShowCodeDetailsInExceptionMessages       = true                                   {manageable} {command line}
   size_t SoftMaxHeapSize                          = 1025507328                             {manageable} {ergonomic}
     bool UseCompressedClassPointers               = true                           {product lp64_product} {ergonomic}
     bool UseCompressedOops                        = true                           {product lp64_product} {ergonomic}
     bool UseG1GC                                  = true                                      {product} {ergonomic}
     bool UseLargePagesIndividualAllocation        = false                                  {pd product} {ergonomic}

Logging:
Log output configuration:
 #0: stdout all=warning uptime,level,tags
 #1: stderr all=off uptime,level,tags

Environment Variables:
PATH=C:/Users/ariel/eclipse//plugins/org.eclipse.justj.openjdk.hotspot.jre.full.win32.x86_64_17.0.5.v20221102-0933/jre/bin/server;C:/Users/ariel/eclipse//plugins/org.eclipse.justj.openjdk.hotspot.jre.full.win32.x86_64_17.0.5.v20221102-0933/jre/bin;C:\Program Files\Common Files\Oracle\Java\javapath;C:\WINDOWS\system32;C:\WINDOWS;C:\WINDOWS\System32\Wbem;C:\WINDOWS\System32\WindowsPowerShell\v1.0\;C:\WINDOWS\System32\OpenSSH\;C:\Program Files\Git\cmd;C:\Users\ariel\AppData\Local\Microsoft\WindowsApps;;C:\Users\ariel\eclipse;
USERNAME=ariel
OS=Windows_NT
PROCESSOR_IDENTIFIER=Intel64 Family 6 Model 122 Stepping 8, GenuineIntel
TMP=C:\Users\ariel\AppData\Local\Temp
TEMP=C:\Users\ariel\AppData\Local\Temp



---------------  S Y S T E M  ---------------

OS:
 Windows 11 , 64 bit Build 22621 (10.0.22621.1194)
OS uptime: 14 days 2:28 hours

CPU: total 2 (initial active 2) (2 cores per cpu, 1 threads per core) family 6 model 122 stepping 8 microcode 0x1a, cx8, cmov, fxsr, mmx, 3dnowpref, sse, sse2, sse3, ssse3, sse4.1, sse4.2, popcnt, tsc, tscinvbit, aes, erms, clmul, sha, clflush, clflushopt

Memory: 4k page, system-wide physical 3911M (271M free)
TotalPageFile size 11255M (AvailPageFile size 63M)
current process WorkingSet (physical memory assigned to process): 10M, peak: 10M
current process commit charge ("private bytes"): 47M, peak: 109M

vm_info: OpenJDK 64-Bit Server VM (17.0.5+8) for windows-amd64 JRE (17.0.5+8), built on Oct 19 2022 04:48:13 by "temurin" with MS VC++ 16.7 (VS2019)

END.
